<?xml version="1.0" encoding="utf-8" standalone="no"?>
<test-results xmlns:xsi="http://www.w3.org/2001/XMLSchema-instance" xsi:noNamespaceSchemaLocation="nunit_schema_2.5.xsd" name="Pester" total="6" errors="0" failures="0" not-run="0" inconclusive="0" ignored="0" skipped="0" invalid="0" date="2026-06-19" time="07:18:48">
  <environment os-version="10.0.26200" nunit-version="2.5.8.0" user-domain="ORTIZ" machine-name="ORTIZ" cwd="C:\Workspace_local\gentle-vanguard" clr-version="10.0.6" user="emman" platform="Microsoft Windows 11 Home|C:\windows|\Device\Harddisk0\Partition3" />
  <culture-info current-culture="es-AR" current-uiculture="en-US" />
  <test-suite type="TestFixture" name="Pester" executed="True" result="Success" success="True" time="53.3436" asserts="0" description="Pester">
    <results>
      <test-suite type="TestFixture" name="C:\Workspace_local\gentle-vanguard\tests\integration\engram-session-persistence.integration.tests.ps1" executed="True" result="Success" success="True" time="53.3436" asserts="0" description="C:\Workspace_local\gentle-vanguard\tests\integration\engram-session-persistence.integration.tests.ps1">
        <results>
          <test-suite type="TestFixture" name="Engram Session Persistence Integration Tests" executed="True" result="Success" success="True" time="52.9967" asserts="0" description="Engram Session Persistence Integration Tests">
            <results>
              <test-suite type="TestFixture" name="Engram Session Persistence Integration Tests.Session Manager Persistence" executed="True" result="Success" success="True" time="51.8601" asserts="0" description="Engram Session Persistence Integration Tests.Session Manager Persistence">
                <results>
                  <test-case description="handles empty session directories without throwing" name="Engram Session Persistence Integration Tests.Session Manager Persistence.handles empty session directories without throwing" time="0.1408" asserts="0" success="True" result="Success" executed="True" />
                  <test-case description="supports AutoStart mode in an isolated session directory" name="Engram Session Persistence Integration Tests.Session Manager Persistence.supports AutoStart mode in an isolated session directory" time="21.1833" asserts="0" success="True" result="Success" executed="True" />
                  <test-case description="persists session start in Engram and creates an active session file" name="Engram Session Persistence Integration Tests.Session Manager Persistence.persists session start in Engram and creates an active session file" time="20.8349" asserts="0" success="True" result="Success" executed="True" />
                  <test-case description="reports health and cleans orphaned plus corrupt sessions in isolated directory" name="Engram Session Persistence Integration Tests.Session Manager Persistence.reports health and cleans orphaned plus corrupt sessions in isolated directory" time="0.0579" asserts="0" success="True" result="Success" executed="True" />
                  <test-case description="persists session closure in Engram when ending the latest session" name="Engram Session Persistence Integration Tests.Session Manager Persistence.persists session closure in Engram when ending the latest session" time="9.6244" asserts="0" success="True" result="Success" executed="True" />
                </results>
              </test-suite>
              <test-suite type="TestFixture" name="Engram Session Persistence Integration Tests.Post-session Learning Persistence" executed="True" result="Success" success="True" time="52.9639" asserts="0" description="Engram Session Persistence Integration Tests.Post-session Learning Persistence">
                <results>
                  <test-case description="persists a searchable learning summary in Engram" name="Engram Session Persistence Integration Tests.Post-session Learning Persistence.persists a searchable learning summary in Engram" time="1.0841" asserts="0" success="True" result="Success" executed="True" />
                </results>
              </test-suite>
            </results>
          </test-suite>
        </results>
      </test-suite>
    </results>
  </test-suite>
</test-results>